<?xml version="1.0" encoding="UTF-8" ?>
<testsuite tests="24" failures="0" name="connect4.RunCukesTest" time="0.035" errors="0" skipped="17">
  <properties>
[...]
</properties>
  <testcase classname="Scenario: Start a game" name="Given I am a player (1)" time="0"/>
  <testcase classname="Scenario: Start a game" name="When I start a game" time="0"/>
  <testcase classname="Scenario: Start a game" name="Then I play connect four with a friend" time="0.002">
    <skipped/>
    <system-out>&amp;#27;[32m.&amp;#27;[0m</system-out>
  </testcase>
  <testcase classname="Scenario: Start a game" name="Scenario: Start a game" time="0.003">
    <skipped/>
    <system-out>&amp;#27;[33mP&amp;#27;[0m</system-out>
  </testcase>
  <testcase classname="Scenario: Start a game" name="Scenario: Start a game" time="0.003"/>
  <testcase classname="Scenario: Start a move" name="Given I am a player" time="0">
    <skipped/>
    <system-out>ASD
</system-out>
  </testcase>
  <testcase classname="Scenario: Start a move" name="When I drop my colour disc into a non full column on a gameboard" time="0.001">
    <skipped/>
    <system-out>&amp;#27;[33mP&amp;#27;[0m</system-out>
  </testcase>
  <testcase classname="Scenario: Start a move" name="Then so that I can participate in a game of connect four with a friend" time="0.001">
    <skipped/>
    <system-out>&amp;#27;[36m-&amp;#27;[0m</system-out>
  </testcase>
  <testcase classname="Scenario: Start a move" name="Scenario: Start a move" time="0.001">
    <skipped/>
    <system-out>&amp;#27;[36m-&amp;#27;[0m</system-out>
  </testcase>
  <testcase classname="Scenario: Start a move" name="Scenario: Start a move" time="0.001"/>
  <testcase classname="Scenario: Determine the outcome" name="Given I am a player" time="0.001">
    <skipped/>
    <system-out>ASD
</system-out>
  </testcase>
  <testcase classname="Scenario: Determine the outcome" name="When I need to determine the outcome of the game" time="0.001">
    <skipped/>
    <system-out>&amp;#27;[33mP&amp;#27;[0m</system-out>
  </testcase>
  <testcase classname="Scenario: Determine the outcome" name="Then I know if I have won , lost, or drawn." time="0.002">
    <skipped/>
    <system-out>&amp;#27;[36m-&amp;#27;[0m</system-out>
  </testcase>
  <testcase classname="Scenario: Determine the outcome" name="Scenario: Determine the outcome" time="0.002">
    <skipped/>
    <system-out>&amp;#27;[36m-&amp;#27;[0m</system-out>
  </testcase>
  <testcase classname="Scenario: Determine the outcome" name="Scenario: Determine the outcome" time="0.002"/>
  <testcase classname="Scenario: Verify rules of game" name="Given I am a player" time="0.001">
    <skipped/>
    <system-out>ASD
</system-out>
  </testcase>
  <testcase classname="Scenario: Verify rules of game" name="When I drop my colour disc into a non full column on a gameboard" time="0.001">
    <skipped/>
    <system-out>&amp;#27;[33mP&amp;#27;[0m</system-out>
  </testcase>
  <testcase classname="Scenario: Verify rules of game" name="Then Game service need to enforce the rules of connect four" time="0.002">
    <skipped/>
    <system-out>&amp;#27;[36m-&amp;#27;[0m</system-out>
  </testcase>
  <testcase classname="Scenario: Verify rules of game" name="Scenario: Verify rules of game" time="0.002">
    <skipped/>
    <system-out>&amp;#27;[36m-&amp;#27;[0m</system-out>
  </testcase>
  <testcase classname="Scenario: Verify rules of game" name="Scenario: Verify rules of game" time="0.002"/>
  <testcase classname="Scenario: Multiple player capability" name="When Multiple player play the game concurrently" time="0.001">
    <skipped/>
    <system-out>ASD
</system-out>
  </testcase>
  <testcase classname="Scenario: Multiple player capability" name="Then The game gervice support multiple concurrent games" time="0.002">
    <skipped/>
    <system-out>&amp;#27;[33mP&amp;#27;[0m</system-out>
  </testcase>
  <testcase classname="Scenario: Multiple player capability" name="Scenario: Multiple player capability" time="0.002">
    <skipped/>
    <system-out>&amp;#27;[36m-&amp;#27;[0m</system-out>
  </testcase>
  <testcase classname="Scenario: Multiple player capability" name="Scenario: Multiple player capability" time="0.002"/>
</testsuite>